<?xml version="1.0" encoding="UTF-8"?>
<testng-results skipped="0" failed="0" total="2" passed="2">
  <reporter-output>
  </reporter-output>
  <suite name="Suite" duration-ms="27565" started-at="2020-10-24T06:22:09Z" finished-at="2020-10-24T06:22:36Z">
    <groups>
    </groups>
    <test name="Test" duration-ms="27565" started-at="2020-10-24T06:22:09Z" finished-at="2020-10-24T06:22:36Z">
      <class name="com.java.testcases.HomeTest">
        <test-method status="PASS" signature="setUp()[pri:0, instance:com.java.testcases.HomeTest@57fd91c9]" name="setUp" is-config="true" duration-ms="11759" started-at="2020-10-24T11:52:09Z" finished-at="2020-10-24T11:52:20Z">
          <reporter-output>
          </reporter-output>
        </test-method> <!-- setUp -->
        <test-method status="PASS" signature="verifySearchLocation()[pri:0, instance:com.java.testcases.HomeTest@57fd91c9]" name="verifySearchLocation" duration-ms="4571" started-at="2020-10-24T11:52:20Z" finished-at="2020-10-24T11:52:25Z">
          <reporter-output>
          </reporter-output>
        </test-method> <!-- verifySearchLocation -->
        <test-method status="PASS" signature="tearDown()[pri:0, instance:com.java.testcases.HomeTest@57fd91c9]" name="tearDown" is-config="true" duration-ms="673" started-at="2020-10-24T11:52:25Z" finished-at="2020-10-24T11:52:26Z">
          <reporter-output>
          </reporter-output>
        </test-method> <!-- tearDown -->
        <test-method status="PASS" signature="setUp()[pri:0, instance:com.java.testcases.HomeTest@57fd91c9]" name="setUp" is-config="true" duration-ms="9837" started-at="2020-10-24T11:52:26Z" finished-at="2020-10-24T11:52:35Z">
          <reporter-output>
          </reporter-output>
        </test-method> <!-- setUp -->
        <test-method status="PASS" signature="verifyTitle()[pri:0, instance:com.java.testcases.HomeTest@57fd91c9]" name="verifyTitle" duration-ms="24" started-at="2020-10-24T11:52:35Z" finished-at="2020-10-24T11:52:35Z">
          <reporter-output>
          </reporter-output>
        </test-method> <!-- verifyTitle -->
        <test-method status="PASS" signature="tearDown()[pri:0, instance:com.java.testcases.HomeTest@57fd91c9]" name="tearDown" is-config="true" duration-ms="655" started-at="2020-10-24T11:52:35Z" finished-at="2020-10-24T11:52:36Z">
          <reporter-output>
          </reporter-output>
        </test-method> <!-- tearDown -->
      </class> <!-- com.java.testcases.HomeTest -->
    </test> <!-- Test -->
  </suite> <!-- Suite -->
</testng-results>
