<?xml version="1.0" encoding="UTF-8"?>
<testng-results skipped="0" failed="0" total="3" passed="3">
  <reporter-output>
  </reporter-output>
  <suite name="Suite" duration-ms="48569" started-at="2020-10-25T11:42:12Z" finished-at="2020-10-25T11:43:01Z">
    <groups>
    </groups>
    <test name="Test" duration-ms="23603" started-at="2020-10-25T11:42:12Z" finished-at="2020-10-25T11:42:36Z">
      <class name="com.java.testcases.HomeTest">
        <test-method status="PASS" signature="setUp(java.lang.String)[pri:0, instance:com.java.testcases.HomeTest@4c4748bf]" name="setUp" is-config="true" duration-ms="15608" started-at="2020-10-25T17:12:12Z" finished-at="2020-10-25T17:12:28Z">
          <params>
            <param index="0">
              <value>
                <![CDATA[CHROME]]>
              </value>
            </param>
          </params>
          <reporter-output>
          </reporter-output>
        </test-method> <!-- setUp -->
        <test-method status="PASS" signature="setUp(java.lang.String)[pri:0, instance:com.java.testcases.HomeTest@4c4748bf]" name="setUp" is-config="true" duration-ms="15608" started-at="2020-10-25T17:12:12Z" finished-at="2020-10-25T17:12:28Z">
          <params>
            <param index="0">
              <value>
                <![CDATA[CHROME]]>
              </value>
            </param>
          </params>
          <reporter-output>
          </reporter-output>
        </test-method> <!-- setUp -->
        <test-method status="PASS" signature="verifyTitle()[pri:0, instance:com.java.testcases.HomeTest@4c4748bf]" name="verifyTitle" duration-ms="53" started-at="2020-10-25T17:12:28Z" finished-at="2020-10-25T17:12:28Z">
          <reporter-output>
          </reporter-output>
        </test-method> <!-- verifyTitle -->
        <test-method status="PASS" signature="verifySearchLocation()[pri:0, instance:com.java.testcases.HomeTest@4c4748bf]" name="verifySearchLocation" duration-ms="7910" started-at="2020-10-25T17:12:28Z" finished-at="2020-10-25T17:12:36Z">
          <reporter-output>
          </reporter-output>
        </test-method> <!-- verifySearchLocation -->
        <test-method status="PASS" signature="tearDown()[pri:0, instance:com.java.testcases.HomeTest@4c4748bf]" name="tearDown" is-config="true" duration-ms="59" started-at="2020-10-25T17:12:28Z" finished-at="2020-10-25T17:12:28Z">
          <reporter-output>
          </reporter-output>
        </test-method> <!-- tearDown -->
        <test-method status="PASS" signature="tearDown()[pri:0, instance:com.java.testcases.HomeTest@4c4748bf]" name="tearDown" is-config="true" duration-ms="50" started-at="2020-10-25T17:12:36Z" finished-at="2020-10-25T17:12:36Z">
          <reporter-output>
          </reporter-output>
        </test-method> <!-- tearDown -->
      </class> <!-- com.java.testcases.HomeTest -->
    </test> <!-- Test -->
    <test name="Test1" duration-ms="24931" started-at="2020-10-25T11:42:36Z" finished-at="2020-10-25T11:43:01Z">
      <class name="com.java.testcases.PropertyTest">
        <test-method status="PASS" signature="setUp(java.lang.String)[pri:0, instance:com.java.testcases.PropertyTest@bff34c6]" name="setUp" is-config="true" duration-ms="12702" started-at="2020-10-25T17:12:36Z" finished-at="2020-10-25T17:12:48Z">
          <params>
            <param index="0">
              <value>
                <![CDATA[CHROME]]>
              </value>
            </param>
          </params>
          <reporter-output>
          </reporter-output>
        </test-method> <!-- setUp -->
        <test-method status="PASS" signature="setUp()[pri:0, instance:com.java.testcases.PropertyTest@bff34c6]" name="setUp" is-config="true" duration-ms="7" started-at="2020-10-25T17:12:48Z" finished-at="2020-10-25T17:12:48Z">
          <reporter-output>
          </reporter-output>
        </test-method> <!-- setUp -->
        <test-method status="PASS" signature="getallPropertyPrices()[pri:0, instance:com.java.testcases.PropertyTest@bff34c6]" name="getallPropertyPrices" duration-ms="12171" started-at="2020-10-25T17:12:48Z" finished-at="2020-10-25T17:13:01Z">
          <reporter-output>
          </reporter-output>
        </test-method> <!-- getallPropertyPrices -->
        <test-method status="PASS" signature="tearDown()[pri:0, instance:com.java.testcases.PropertyTest@bff34c6]" name="tearDown" is-config="true" duration-ms="47" started-at="2020-10-25T17:13:01Z" finished-at="2020-10-25T17:13:01Z">
          <reporter-output>
          </reporter-output>
        </test-method> <!-- tearDown -->
      </class> <!-- com.java.testcases.PropertyTest -->
    </test> <!-- Test1 -->
  </suite> <!-- Suite -->
</testng-results>
